<?xml version="1.0" encoding="UTF-8"?>
<testng-results ignored="0" total="1" passed="1" failed="0" skipped="0">
  <reporter-output>
  </reporter-output>
  <suite started-at="2022-11-13T18:00:41 EST" name="Surefire suite" finished-at="2022-11-13T18:00:58 EST" duration-ms="16444">
    <groups>
      <group name="cucumber">
        <method signature="AbstractTestNGCucumberTests.feature(cucumber.api.testng.CucumberFeatureWrapper)[pri:0, instance:com.spring.TestRunner.TestRunnerSpringClass@776aec5c]" name="feature" class="cucumber.api.testng.AbstractTestNGCucumberTests"/>
      </group> <!-- cucumber -->
    </groups>
    <test started-at="2022-11-13T18:00:41 EST" name="Surefire test" finished-at="2022-11-13T18:00:58 EST" duration-ms="16444">
      <class name="com.spring.TestRunner.TestRunnerSpringClass">
        <test-method is-config="true" signature="startURLspr()[pri:0, instance:com.spring.TestRunner.TestRunnerSpringClass@776aec5c]" started-at="2022-11-13T18:00:41 EST" name="startURLspr" finished-at="2022-11-13T18:00:43 EST" duration-ms="1646" status="PASS">
          <reporter-output>
          </reporter-output>
        </test-method> <!-- startURLspr -->
        <test-method is-config="true" signature="setUpClass()[pri:0, instance:com.spring.TestRunner.TestRunnerSpringClass@776aec5c]" started-at="2022-11-13T18:00:43 EST" name="setUpClass" finished-at="2022-11-13T18:00:43 EST" duration-ms="255" status="PASS">
          <reporter-output>
          </reporter-output>
        </test-method> <!-- setUpClass -->
        <test-method signature="feature(cucumber.api.testng.CucumberFeatureWrapper)[pri:0, instance:com.spring.TestRunner.TestRunnerSpringClass@776aec5c]" started-at="2022-11-13T18:00:43 EST" name="feature" description="Runs Cucumber Feature" data-provider="features" finished-at="2022-11-13T18:00:57 EST" duration-ms="13754" status="PASS">
          <params>
            <param index="0">
              <value>
                <![CDATA[This is to validate calender functionalty]]>
              </value>
            </param>
          </params>
          <reporter-output>
          </reporter-output>
        </test-method> <!-- feature -->
        <test-method is-config="true" signature="tearDownClass()[pri:0, instance:com.spring.TestRunner.TestRunnerSpringClass@776aec5c]" started-at="2022-11-13T18:00:57 EST" name="tearDownClass" finished-at="2022-11-13T18:00:57 EST" duration-ms="11" status="PASS">
          <reporter-output>
          </reporter-output>
        </test-method> <!-- tearDownClass -->
        <test-method is-config="true" signature="closeURLspr()[pri:0, instance:com.spring.TestRunner.TestRunnerSpringClass@776aec5c]" started-at="2022-11-13T18:00:57 EST" name="closeURLspr" finished-at="2022-11-13T18:00:58 EST" duration-ms="689" status="PASS">
          <reporter-output>
          </reporter-output>
        </test-method> <!-- closeURLspr -->
      </class> <!-- com.spring.TestRunner.TestRunnerSpringClass -->
    </test> <!-- Surefire test -->
  </suite> <!-- Surefire suite -->
</testng-results>
